This file contains any messages produced by compilers while
running configure, to aid debugging if configure makes a mistake.

It was created by configure, which was
generated by GNU Autoconf 2.57.  Invocation command line was

  $ ./configure 

## --------- ##
## Platform. ##
## --------- ##

hostname = t500
uname -m = x86_64
uname -r = 4.15.0-54-generic
uname -s = Linux
uname -v = #58-Ubuntu SMP Mon Jun 24 10:55:24 UTC 2019

/usr/bin/uname -p = unknown
/bin/uname -X     = unknown

/bin/arch              = unknown
/usr/bin/arch -k       = unknown
/usr/convex/getsysinfo = unknown
hostinfo               = unknown
/bin/machine           = unknown
/usr/bin/oslevel       = unknown
/bin/universe          = unknown

PATH: /home/cxu1/.rccontrol-profile/bin
PATH: /bin
PATH: /usr/bin
PATH: /usr/X11R6/bin
PATH: /usr/local/bin
PATH: /sbin
PATH: /home/cxu1/bin
PATH: /home/cxu1/opt/bin
PATH: /home/cxu1/olc/ebay/py/paypalShip/
PATH: .


## ----------- ##
## Core tests. ##
## ----------- ##

configure:1322: checking for a BSD-compatible install
configure:1376: result: /usr/bin/install -c
configure:1387: checking whether build environment is sane
configure:1430: result: yes
configure:1463: checking for gawk
configure:1479: found /usr/bin/gawk
configure:1489: result: gawk
configure:1499: checking whether make sets $(MAKE)
configure:1519: result: yes
configure:1689: checking for gawk
configure:1715: result: gawk
configure:1729: checking for bison
configure:1758: result: no
configure:1729: checking for byacc
configure:1758: result: no
configure:1812: checking for gcc
configure:1828: found /usr/bin/gcc
configure:1838: result: gcc
configure:2082: checking for C compiler version
configure:2085: gcc --version </dev/null >&5
gcc (Ubuntu 7.4.0-1ubuntu1~18.04.1) 7.4.0
Copyright (C) 2017 Free Software Foundation, Inc.
This is free software; see the source for copying conditions.  There is NO
warranty; not even for MERCHANTABILITY or FITNESS FOR A PARTICULAR PURPOSE.

configure:2088: $? = 0
configure:2090: gcc -v </dev/null >&5
Using built-in specs.
COLLECT_GCC=gcc
COLLECT_LTO_WRAPPER=/usr/lib/gcc/x86_64-linux-gnu/7/lto-wrapper
OFFLOAD_TARGET_NAMES=nvptx-none
OFFLOAD_TARGET_DEFAULT=1
Target: x86_64-linux-gnu
Configured with: ../src/configure -v --with-pkgversion='Ubuntu 7.4.0-1ubuntu1~18.04.1' --with-bugurl=file:///usr/share/doc/gcc-7/README.Bugs --enable-languages=c,ada,c++,go,brig,d,fortran,objc,obj-c++ --prefix=/usr --with-gcc-major-version-only --program-suffix=-7 --program-prefix=x86_64-linux-gnu- --enable-shared --enable-linker-build-id --libexecdir=/usr/lib --without-included-gettext --enable-threads=posix --libdir=/usr/lib --enable-nls --with-sysroot=/ --enable-clocale=gnu --enable-libstdcxx-debug --enable-libstdcxx-time=yes --with-default-libstdcxx-abi=new --enable-gnu-unique-object --disable-vtable-verify --enable-libmpx --enable-plugin --enable-default-pie --with-system-zlib --with-target-system-zlib --enable-objc-gc=auto --enable-multiarch --disable-werror --with-arch-32=i686 --with-abi=m64 --with-multilib-list=m32,m64,mx32 --enable-multilib --with-tune=generic --enable-offload-targets=nvptx-none --without-cuda-driver --enable-checking=release --build=x86_64-linux-gnu --host=x86_64-linux-gnu --target=x86_64-linux-gnu
Thread model: posix
gcc version 7.4.0 (Ubuntu 7.4.0-1ubuntu1~18.04.1) 
configure:2093: $? = 0
configure:2095: gcc -V </dev/null >&5
gcc: error: unrecognized command line option '-V'
gcc: fatal error: no input files
compilation terminated.
configure:2098: $? = 1
configure:2122: checking for C compiler default output
configure:2125: gcc    conftest.c  >&5
configure:2128: $? = 0
configure:2174: result: a.out
configure:2179: checking whether the C compiler works
configure:2185: ./a.out
configure:2188: $? = 0
configure:2205: result: yes
configure:2212: checking whether we are cross compiling
configure:2214: result: no
configure:2217: checking for suffix of executables
configure:2219: gcc -o conftest    conftest.c  >&5
configure:2222: $? = 0
configure:2247: result: 
configure:2253: checking for suffix of object files
configure:2275: gcc -c   conftest.c >&5
configure:2278: $? = 0
configure:2300: result: o
configure:2304: checking whether we are using the GNU C compiler
configure:2329: gcc -c   conftest.c >&5
configure:2332: $? = 0
configure:2335: test -s conftest.o
configure:2338: $? = 0
configure:2351: result: yes
configure:2357: checking whether gcc accepts -g
configure:2379: gcc -c -g  conftest.c >&5
configure:2382: $? = 0
configure:2385: test -s conftest.o
configure:2388: $? = 0
configure:2399: result: yes
configure:2416: checking for gcc option to accept ANSI C
configure:2477: gcc  -c -g -O2  conftest.c >&5
configure:2480: $? = 0
configure:2483: test -s conftest.o
configure:2486: $? = 0
configure:2504: result: none needed
configure:2522: gcc -c -g -O2  conftest.c >&5
conftest.c:2:3: error: unknown type name 'choke'
   choke me
   ^~~~~
conftest.c:2:3: error: expected '=', ',', ';', 'asm' or '__attribute__' at end of input
configure:2525: $? = 1
configure: failed program was:
| #ifndef __cplusplus
|   choke me
| #endif
configure:2644: checking for style of include used by make
configure:2672: result: GNU
configure:2700: checking dependency style of gcc
configure:2768: result: gcc3
configure:2790: checking how to run the C preprocessor
configure:2826: gcc -E  conftest.c
configure:2832: $? = 0
configure:2864: gcc -E  conftest.c
configure:2865:10: fatal error: ac_nonexistent.h: No such file or directory
   (eval $ac_cpp conftest.$ac_ext) 2>conftest.er1
          ^~~~~~~~~~~~~~~~~~
compilation terminated.
configure:2870: $? = 1
configure: failed program was:
| #line 2855 "configure"
| /* confdefs.h.  */
| 
| #define PACKAGE_NAME ""
| #define PACKAGE_TARNAME ""
| #define PACKAGE_VERSION ""
| #define PACKAGE_STRING ""
| #define PACKAGE_BUGREPORT ""
| #define PACKAGE "cxterm"
| #define VERSION "5.2"
| /* end confdefs.h.  */
| #include <ac_nonexistent.h>
configure:2908: result: gcc -E
configure:2933: gcc -E  conftest.c
configure:2939: $? = 0
configure:2971: gcc -E  conftest.c
configure:2972:10: fatal error: ac_nonexistent.h: No such file or directory
   (eval $ac_cpp conftest.$ac_ext) 2>conftest.er1
          ^~~~~~~~~~~~~~~~~~
compilation terminated.
configure:2977: $? = 1
configure: failed program was:
| #line 2962 "configure"
| /* confdefs.h.  */
| 
| #define PACKAGE_NAME ""
| #define PACKAGE_TARNAME ""
| #define PACKAGE_VERSION ""
| #define PACKAGE_STRING ""
| #define PACKAGE_BUGREPORT ""
| #define PACKAGE "cxterm"
| #define VERSION "5.2"
| /* end confdefs.h.  */
| #include <ac_nonexistent.h>
configure:3024: checking for flex
configure:3053: result: no
configure:3024: checking for lex
configure:3053: result: no
configure:3063: checking for yywrap in -lfl
configure:3094: gcc -o conftest -g -O2   conftest.c -lfl   >&5
/usr/bin/ld: cannot find -lfl
collect2: error: ld returned 1 exit status
configure:3097: $? = 1
configure: failed program was:
| #line 3070 "configure"
| /* confdefs.h.  */
| 
| #define PACKAGE_NAME ""
| #define PACKAGE_TARNAME ""
| #define PACKAGE_VERSION ""
| #define PACKAGE_STRING ""
| #define PACKAGE_BUGREPORT ""
| #define PACKAGE "cxterm"
| #define VERSION "5.2"
| /* end confdefs.h.  */
| 
| /* Override any gcc2 internal prototype to avoid an error.  */
| #ifdef __cplusplus
| extern "C"
| #endif
| /* We use char because int might match the return type of a gcc2
|    builtin and then its argument prototype would still apply.  */
| char yywrap ();
| int
| main ()
| {
| yywrap ();
|   ;
|   return 0;
| }
configure:3115: result: no
configure:3120: checking for yywrap in -ll
configure:3151: gcc -o conftest -g -O2   conftest.c -ll   >&5
/usr/bin/ld: cannot find -ll
collect2: error: ld returned 1 exit status
configure:3154: $? = 1
configure: failed program was:
| #line 3127 "configure"
| /* confdefs.h.  */
| 
| #define PACKAGE_NAME ""
| #define PACKAGE_TARNAME ""
| #define PACKAGE_VERSION ""
| #define PACKAGE_STRING ""
| #define PACKAGE_BUGREPORT ""
| #define PACKAGE "cxterm"
| #define VERSION "5.2"
| /* end confdefs.h.  */
| 
| /* Override any gcc2 internal prototype to avoid an error.  */
| #ifdef __cplusplus
| extern "C"
| #endif
| /* We use char because int might match the return type of a gcc2
|    builtin and then its argument prototype would still apply.  */
| char yywrap ();
| int
| main ()
| {
| yywrap ();
|   ;
|   return 0;
| }
configure:3172: result: no
configure:3278: checking for a BSD-compatible install
configure:3332: result: /usr/bin/install -c
configure:3343: checking whether ln -s works
configure:3347: result: yes
configure:3354: checking whether make sets $(MAKE)
configure:3374: result: yes
configure:3424: checking for ranlib
configure:3440: found /usr/bin/ranlib
configure:3451: result: ranlib
configure:3515: checking for g++
configure:3531: found /usr/bin/g++
configure:3541: result: g++
configure:3557: checking for C++ compiler version
configure:3560: g++ --version </dev/null >&5
g++ (Ubuntu 7.4.0-1ubuntu1~18.04.1) 7.4.0
Copyright (C) 2017 Free Software Foundation, Inc.
This is free software; see the source for copying conditions.  There is NO
warranty; not even for MERCHANTABILITY or FITNESS FOR A PARTICULAR PURPOSE.

configure:3563: $? = 0
configure:3565: g++ -v </dev/null >&5
Using built-in specs.
COLLECT_GCC=g++
COLLECT_LTO_WRAPPER=/usr/lib/gcc/x86_64-linux-gnu/7/lto-wrapper
OFFLOAD_TARGET_NAMES=nvptx-none
OFFLOAD_TARGET_DEFAULT=1
Target: x86_64-linux-gnu
Configured with: ../src/configure -v --with-pkgversion='Ubuntu 7.4.0-1ubuntu1~18.04.1' --with-bugurl=file:///usr/share/doc/gcc-7/README.Bugs --enable-languages=c,ada,c++,go,brig,d,fortran,objc,obj-c++ --prefix=/usr --with-gcc-major-version-only --program-suffix=-7 --program-prefix=x86_64-linux-gnu- --enable-shared --enable-linker-build-id --libexecdir=/usr/lib --without-included-gettext --enable-threads=posix --libdir=/usr/lib --enable-nls --with-sysroot=/ --enable-clocale=gnu --enable-libstdcxx-debug --enable-libstdcxx-time=yes --with-default-libstdcxx-abi=new --enable-gnu-unique-object --disable-vtable-verify --enable-libmpx --enable-plugin --enable-default-pie --with-system-zlib --with-target-system-zlib --enable-objc-gc=auto --enable-multiarch --disable-werror --with-arch-32=i686 --with-abi=m64 --with-multilib-list=m32,m64,mx32 --enable-multilib --with-tune=generic --enable-offload-targets=nvptx-none --without-cuda-driver --enable-checking=release --build=x86_64-linux-gnu --host=x86_64-linux-gnu --target=x86_64-linux-gnu
Thread model: posix
gcc version 7.4.0 (Ubuntu 7.4.0-1ubuntu1~18.04.1) 
configure:3568: $? = 0
configure:3570: g++ -V </dev/null >&5
g++: error: unrecognized command line option '-V'
g++: fatal error: no input files
compilation terminated.
configure:3573: $? = 1
configure:3576: checking whether we are using the GNU C++ compiler
configure:3601: g++ -c   conftest.cc >&5
configure:3604: $? = 0
configure:3607: test -s conftest.o
configure:3610: $? = 0
configure:3623: result: yes
configure:3629: checking whether g++ accepts -g
configure:3651: g++ -c -g  conftest.cc >&5
configure:3654: $? = 0
configure:3657: test -s conftest.o
configure:3660: $? = 0
configure:3671: result: yes
configure:3715: g++ -c -g -O2  conftest.cc >&5
configure:3718: $? = 0
configure:3721: test -s conftest.o
configure:3724: $? = 0
configure:3751: g++ -c -g -O2  conftest.cc >&5
configure: In function 'int main()':
configure:3748:1: error: 'exit' was not declared in this scope
 }
 ^   
configure:3754: $? = 1
configure: failed program was:
| #line 3734 "configure"
| /* confdefs.h.  */
| 
| #define PACKAGE_NAME ""
| #define PACKAGE_TARNAME ""
| #define PACKAGE_VERSION ""
| #define PACKAGE_STRING ""
| #define PACKAGE_BUGREPORT ""
| #define PACKAGE "cxterm"
| #define VERSION "5.2"
| /* end confdefs.h.  */
| 
| int
| main ()
| {
| exit (42);
|   ;
|   return 0;
| }
configure:3715: g++ -c -g -O2  conftest.cc >&5
configure:3718: $? = 0
configure:3721: test -s conftest.o
configure:3724: $? = 0
configure:3751: g++ -c -g -O2  conftest.cc >&5
configure:3754: $? = 0
configure:3757: test -s conftest.o
configure:3760: $? = 0
configure:3785: checking dependency style of g++
configure:3853: result: gcc3
configure:3879: checking for main in -lFS
configure:3904: gcc -o conftest -g -O2   conftest.c -lFS   >&5
/usr/bin/ld: cannot find -lFS
collect2: error: ld returned 1 exit status
configure:3907: $? = 1
configure: failed program was:
| #line 3886 "configure"
| /* confdefs.h.  */
| 
| #define PACKAGE_NAME ""
| #define PACKAGE_TARNAME ""
| #define PACKAGE_VERSION ""
| #define PACKAGE_STRING ""
| #define PACKAGE_BUGREPORT ""
| #define PACKAGE "cxterm"
| #define VERSION "5.2"
| #ifdef __cplusplus
| #include <stdlib.h>
| #endif
| #define HANZI 1
| #define NARROWPROTO 1
| /* end confdefs.h.  */
| 
| 
| int
| main ()
| {
| main ();
|   ;
|   return 0;
| }
configure:3925: result: no
configure:3937: checking for main in -lGL
configure:3962: gcc -o conftest -g -O2   conftest.c -lGL   >&5
configure:3965: $? = 0
configure:3968: test -s conftest
configure:3971: $? = 0
configure:3983: result: yes
configure:3995: checking for main in -lGLU
configure:4020: gcc -o conftest -g -O2   conftest.c -lGLU  -lGL  >&5
/usr/bin/ld: cannot find -lGLU
collect2: error: ld returned 1 exit status
configure:4023: $? = 1
configure: failed program was:
| #line 4002 "configure"
| /* confdefs.h.  */
| 
| #define PACKAGE_NAME ""
| #define PACKAGE_TARNAME ""
| #define PACKAGE_VERSION ""
| #define PACKAGE_STRING ""
| #define PACKAGE_BUGREPORT ""
| #define PACKAGE "cxterm"
| #define VERSION "5.2"
| #ifdef __cplusplus
| #include <stdlib.h>
| #endif
| #define HANZI 1
| #define NARROWPROTO 1
| #define HAVE_LIBGL 1
| /* end confdefs.h.  */
| 
| 
| int
| main ()
| {
| main ();
|   ;
|   return 0;
| }
configure:4041: result: no
configure:4053: checking for main in -lGLw
configure:4078: gcc -o conftest -g -O2   conftest.c -lGLw  -lGL  >&5
/usr/bin/ld: cannot find -lGLw
collect2: error: ld returned 1 exit status
configure:4081: $? = 1
configure: failed program was:
| #line 4060 "configure"
| /* confdefs.h.  */
| 
| #define PACKAGE_NAME ""
| #define PACKAGE_TARNAME ""
| #define PACKAGE_VERSION ""
| #define PACKAGE_STRING ""
| #define PACKAGE_BUGREPORT ""
| #define PACKAGE "cxterm"
| #define VERSION "5.2"
| #ifdef __cplusplus
| #include <stdlib.h>
| #endif
| #define HANZI 1
| #define NARROWPROTO 1
| #define HAVE_LIBGL 1
| /* end confdefs.h.  */
| 
| 
| int
| main ()
| {
| main ();
|   ;
|   return 0;
| }
configure:4099: result: no
configure:4111: checking for main in -lICE
configure:4136: gcc -o conftest -g -O2   conftest.c -lICE  -lGL  >&5
configure:4139: $? = 0
configure:4142: test -s conftest
configure:4145: $? = 0
configure:4157: result: yes
configure:4169: checking for main in -lPEX5
configure:4194: gcc -o conftest -g -O2   conftest.c -lPEX5  -lICE -lGL  >&5
/usr/bin/ld: cannot find -lPEX5
collect2: error: ld returned 1 exit status
configure:4197: $? = 1
configure: failed program was:
| #line 4176 "configure"
| /* confdefs.h.  */
| 
| #define PACKAGE_NAME ""
| #define PACKAGE_TARNAME ""
| #define PACKAGE_VERSION ""
| #define PACKAGE_STRING ""
| #define PACKAGE_BUGREPORT ""
| #define PACKAGE "cxterm"
| #define VERSION "5.2"
| #ifdef __cplusplus
| #include <stdlib.h>
| #endif
| #define HANZI 1
| #define NARROWPROTO 1
| #define HAVE_LIBGL 1
| #define HAVE_LIBICE 1
| /* end confdefs.h.  */
| 
| 
| int
| main ()
| {
| main ();
|   ;
|   return 0;
| }
configure:4215: result: no
configure:4227: checking for main in -lSM
configure:4252: gcc -o conftest -g -O2   conftest.c -lSM  -lICE -lGL  >&5
configure:4255: $? = 0
configure:4258: test -s conftest
configure:4261: $? = 0
configure:4273: result: yes
configure:4285: checking for main in -lX11
configure:4310: gcc -o conftest -g -O2   conftest.c -lX11  -lSM -lICE -lGL  >&5
configure:4313: $? = 0
configure:4316: test -s conftest
configure:4319: $? = 0
configure:4331: result: yes
configure:4343: checking for main in -lXIE
configure:4368: gcc -o conftest -g -O2   conftest.c -lXIE  -lX11 -lSM -lICE -lGL  >&5
/usr/bin/ld: cannot find -lXIE
collect2: error: ld returned 1 exit status
configure:4371: $? = 1
configure: failed program was:
| #line 4350 "configure"
| /* confdefs.h.  */
| 
| #define PACKAGE_NAME ""
| #define PACKAGE_TARNAME ""
| #define PACKAGE_VERSION ""
| #define PACKAGE_STRING ""
| #define PACKAGE_BUGREPORT ""
| #define PACKAGE "cxterm"
| #define VERSION "5.2"
| #ifdef __cplusplus
| #include <stdlib.h>
| #endif
| #define HANZI 1
| #define NARROWPROTO 1
| #define HAVE_LIBGL 1
| #define HAVE_LIBICE 1
| #define HAVE_LIBSM 1
| #define HAVE_LIBX11 1
| /* end confdefs.h.  */
| 
| 
| int
| main ()
| {
| main ();
|   ;
|   return 0;
| }
configure:4389: result: no
configure:4401: checking for main in -lXa
configure:4426: gcc -o conftest -g -O2   conftest.c -lXa  -lX11 -lSM -lICE -lGL  >&5
/usr/bin/ld: cannot find -lXa
collect2: error: ld returned 1 exit status
configure:4429: $? = 1
configure: failed program was:
| #line 4408 "configure"
| /* confdefs.h.  */
| 
| #define PACKAGE_NAME ""
| #define PACKAGE_TARNAME ""
| #define PACKAGE_VERSION ""
| #define PACKAGE_STRING ""
| #define PACKAGE_BUGREPORT ""
| #define PACKAGE "cxterm"
| #define VERSION "5.2"
| #ifdef __cplusplus
| #include <stdlib.h>
| #endif
| #define HANZI 1
| #define NARROWPROTO 1
| #define HAVE_LIBGL 1
| #define HAVE_LIBICE 1
| #define HAVE_LIBSM 1
| #define HAVE_LIBX11 1
| /* end confdefs.h.  */
| 
| 
| int
| main ()
| {
| main ();
|   ;
|   return 0;
| }
configure:4447: result: no
configure:4459: checking for main in -lXau
configure:4484: gcc -o conftest -g -O2   conftest.c -lXau  -lX11 -lSM -lICE -lGL  >&5
configure:4487: $? = 0
configure:4490: test -s conftest
configure:4493: $? = 0
configure:4505: result: yes
configure:4517: checking for main in -lXaw
configure:4542: gcc -o conftest -g -O2   conftest.c -lXaw  -lXau -lX11 -lSM -lICE -lGL  >&5
configure:4545: $? = 0
configure:4548: test -s conftest
configure:4551: $? = 0
configure:4563: result: yes
configure:4575: checking for main in -lXbsd
configure:4600: gcc -o conftest -g -O2   conftest.c -lXbsd  -lXaw -lXau -lX11 -lSM -lICE -lGL  >&5
/usr/bin/ld: cannot find -lXbsd
collect2: error: ld returned 1 exit status
configure:4603: $? = 1
configure: failed program was:
| #line 4582 "configure"
| /* confdefs.h.  */
| 
| #define PACKAGE_NAME ""
| #define PACKAGE_TARNAME ""
| #define PACKAGE_VERSION ""
| #define PACKAGE_STRING ""
| #define PACKAGE_BUGREPORT ""
| #define PACKAGE "cxterm"
| #define VERSION "5.2"
| #ifdef __cplusplus
| #include <stdlib.h>
| #endif
| #define HANZI 1
| #define NARROWPROTO 1
| #define HAVE_LIBGL 1
| #define HAVE_LIBICE 1
| #define HAVE_LIBSM 1
| #define HAVE_LIBX11 1
| #define HAVE_LIBXAU 1
| #define HAVE_LIBXAW 1
| /* end confdefs.h.  */
| 
| 
| int
| main ()
| {
| main ();
|   ;
|   return 0;
| }
configure:4621: result: no
configure:4633: checking for main in -lXdmcp
configure:4658: gcc -o conftest -g -O2   conftest.c -lXdmcp  -lXaw -lXau -lX11 -lSM -lICE -lGL  >&5
configure:4661: $? = 0
configure:4664: test -s conftest
configure:4667: $? = 0
configure:4679: result: yes
configure:4691: checking for main in -lXext
configure:4716: gcc -o conftest -g -O2   conftest.c -lXext  -lXdmcp -lXaw -lXau -lX11 -lSM -lICE -lGL  >&5
configure:4719: $? = 0
configure:4722: test -s conftest
configure:4725: $? = 0
configure:4737: result: yes
configure:4749: checking for main in -lXfont
configure:4774: gcc -o conftest -g -O2   conftest.c -lXfont  -lXext -lXdmcp -lXaw -lXau -lX11 -lSM -lICE -lGL  >&5
/usr/bin/ld: cannot find -lXfont
collect2: error: ld returned 1 exit status
configure:4777: $? = 1
configure: failed program was:
| #line 4756 "configure"
| /* confdefs.h.  */
| 
| #define PACKAGE_NAME ""
| #define PACKAGE_TARNAME ""
| #define PACKAGE_VERSION ""
| #define PACKAGE_STRING ""
| #define PACKAGE_BUGREPORT ""
| #define PACKAGE "cxterm"
| #define VERSION "5.2"
| #ifdef __cplusplus
| #include <stdlib.h>
| #endif
| #define HANZI 1
| #define NARROWPROTO 1
| #define HAVE_LIBGL 1
| #define HAVE_LIBICE 1
| #define HAVE_LIBSM 1
| #define HAVE_LIBX11 1
| #define HAVE_LIBXAU 1
| #define HAVE_LIBXAW 1
| #define HAVE_LIBXDMCP 1
| #define HAVE_LIBXEXT 1
| /* end confdefs.h.  */
| 
| 
| int
| main ()
| {
| main ();
|   ;
|   return 0;
| }
configure:4795: result: no
configure:4807: checking for main in -lXfontcache
configure:4832: gcc -o conftest -g -O2   conftest.c -lXfontcache  -lXext -lXdmcp -lXaw -lXau -lX11 -lSM -lICE -lGL  >&5
/usr/bin/ld: cannot find -lXfontcache
collect2: error: ld returned 1 exit status
configure:4835: $? = 1
configure: failed program was:
| #line 4814 "configure"
| /* confdefs.h.  */
| 
| #define PACKAGE_NAME ""
| #define PACKAGE_TARNAME ""
| #define PACKAGE_VERSION ""
| #define PACKAGE_STRING ""
| #define PACKAGE_BUGREPORT ""
| #define PACKAGE "cxterm"
| #define VERSION "5.2"
| #ifdef __cplusplus
| #include <stdlib.h>
| #endif
| #define HANZI 1
| #define NARROWPROTO 1
| #define HAVE_LIBGL 1
| #define HAVE_LIBICE 1
| #define HAVE_LIBSM 1
| #define HAVE_LIBX11 1
| #define HAVE_LIBXAU 1
| #define HAVE_LIBXAW 1
| #define HAVE_LIBXDMCP 1
| #define HAVE_LIBXEXT 1
| /* end confdefs.h.  */
| 
| 
| int
| main ()
| {
| main ();
|   ;
|   return 0;
| }
configure:4853: result: no
configure:4865: checking for main in -lXft
configure:4890: gcc -o conftest -g -O2   conftest.c -lXft  -lXext -lXdmcp -lXaw -lXau -lX11 -lSM -lICE -lGL  >&5
configure:4893: $? = 0
configure:4896: test -s conftest
configure:4899: $? = 0
configure:4911: result: yes
configure:4923: checking for main in -lXi
configure:4948: gcc -o conftest -g -O2   conftest.c -lXi  -lXft -lXext -lXdmcp -lXaw -lXau -lX11 -lSM -lICE -lGL  >&5
configure:4951: $? = 0
configure:4954: test -s conftest
configure:4957: $? = 0
configure:4969: result: yes
configure:4981: checking for main in -lXinerama
configure:5006: gcc -o conftest -g -O2   conftest.c -lXinerama  -lXi -lXft -lXext -lXdmcp -lXaw -lXau -lX11 -lSM -lICE -lGL  >&5
configure:5009: $? = 0
configure:5012: test -s conftest
configure:5015: $? = 0
configure:5027: result: yes
configure:5039: checking for main in -lXkey
configure:5064: gcc -o conftest -g -O2   conftest.c -lXkey  -lXinerama -lXi -lXft -lXext -lXdmcp -lXaw -lXau -lX11 -lSM -lICE -lGL  >&5
/usr/bin/ld: cannot find -lXkey
collect2: error: ld returned 1 exit status
configure:5067: $? = 1
configure: failed program was:
| #line 5046 "configure"
| /* confdefs.h.  */
| 
| #define PACKAGE_NAME ""
| #define PACKAGE_TARNAME ""
| #define PACKAGE_VERSION ""
| #define PACKAGE_STRING ""
| #define PACKAGE_BUGREPORT ""
| #define PACKAGE "cxterm"
| #define VERSION "5.2"
| #ifdef __cplusplus
| #include <stdlib.h>
| #endif
| #define HANZI 1
| #define NARROWPROTO 1
| #define HAVE_LIBGL 1
| #define HAVE_LIBICE 1
| #define HAVE_LIBSM 1
| #define HAVE_LIBX11 1
| #define HAVE_LIBXAU 1
| #define HAVE_LIBXAW 1
| #define HAVE_LIBXDMCP 1
| #define HAVE_LIBXEXT 1
| #define HAVE_LIBXFT 1
| #define HAVE_LIBXI 1
| #define HAVE_LIBXINERAMA 1
| /* end confdefs.h.  */
| 
| 
| int
| main ()
| {
| main ();
|   ;
|   return 0;
| }
configure:5085: result: no
configure:5097: checking for main in -lXmu
configure:5122: gcc -o conftest -g -O2   conftest.c -lXmu  -lXinerama -lXi -lXft -lXext -lXdmcp -lXaw -lXau -lX11 -lSM -lICE -lGL  >&5
configure:5125: $? = 0
configure:5128: test -s conftest
configure:5131: $? = 0
configure:5143: result: yes
configure:5155: checking for main in -lXmuu
configure:5180: gcc -o conftest -g -O2   conftest.c -lXmuu  -lXmu -lXinerama -lXi -lXft -lXext -lXdmcp -lXaw -lXau -lX11 -lSM -lICE -lGL  >&5
/usr/bin/ld: cannot find -lXmuu
collect2: error: ld returned 1 exit status
configure:5183: $? = 1
configure: failed program was:
| #line 5162 "configure"
| /* confdefs.h.  */
| 
| #define PACKAGE_NAME ""
| #define PACKAGE_TARNAME ""
| #define PACKAGE_VERSION ""
| #define PACKAGE_STRING ""
| #define PACKAGE_BUGREPORT ""
| #define PACKAGE "cxterm"
| #define VERSION "5.2"
| #ifdef __cplusplus
| #include <stdlib.h>
| #endif
| #define HANZI 1
| #define NARROWPROTO 1
| #define HAVE_LIBGL 1
| #define HAVE_LIBICE 1
| #define HAVE_LIBSM 1
| #define HAVE_LIBX11 1
| #define HAVE_LIBXAU 1
| #define HAVE_LIBXAW 1
| #define HAVE_LIBXDMCP 1
| #define HAVE_LIBXEXT 1
| #define HAVE_LIBXFT 1
| #define HAVE_LIBXI 1
| #define HAVE_LIBXINERAMA 1
| #define HAVE_LIBXMU 1
| /* end confdefs.h.  */
| 
| 
| int
| main ()
| {
| main ();
|   ;
|   return 0;
| }
configure:5201: result: no
configure:5213: checking for main in -lXp
configure:5238: gcc -o conftest -g -O2   conftest.c -lXp  -lXmu -lXinerama -lXi -lXft -lXext -lXdmcp -lXaw -lXau -lX11 -lSM -lICE -lGL  >&5
/usr/bin/ld: cannot find -lXp
collect2: error: ld returned 1 exit status
configure:5241: $? = 1
configure: failed program was:
| #line 5220 "configure"
| /* confdefs.h.  */
| 
| #define PACKAGE_NAME ""
| #define PACKAGE_TARNAME ""
| #define PACKAGE_VERSION ""
| #define PACKAGE_STRING ""
| #define PACKAGE_BUGREPORT ""
| #define PACKAGE "cxterm"
| #define VERSION "5.2"
| #ifdef __cplusplus
| #include <stdlib.h>
| #endif
| #define HANZI 1
| #define NARROWPROTO 1
| #define HAVE_LIBGL 1
| #define HAVE_LIBICE 1
| #define HAVE_LIBSM 1
| #define HAVE_LIBX11 1
| #define HAVE_LIBXAU 1
| #define HAVE_LIBXAW 1
| #define HAVE_LIBXDMCP 1
| #define HAVE_LIBXEXT 1
| #define HAVE_LIBXFT 1
| #define HAVE_LIBXI 1
| #define HAVE_LIBXINERAMA 1
| #define HAVE_LIBXMU 1
| /* end confdefs.h.  */
| 
| 
| int
| main ()
| {
| main ();
|   ;
|   return 0;
| }
configure:5259: result: no
configure:5271: checking for main in -lXpm
configure:5296: gcc -o conftest -g -O2   conftest.c -lXpm  -lXmu -lXinerama -lXi -lXft -lXext -lXdmcp -lXaw -lXau -lX11 -lSM -lICE -lGL  >&5
configure:5299: $? = 0
configure:5302: test -s conftest
configure:5305: $? = 0
configure:5317: result: yes
configure:5329: checking for main in -lXrender
configure:5354: gcc -o conftest -g -O2   conftest.c -lXrender  -lXpm -lXmu -lXinerama -lXi -lXft -lXext -lXdmcp -lXaw -lXau -lX11 -lSM -lICE -lGL  >&5
configure:5357: $? = 0
configure:5360: test -s conftest
configure:5363: $? = 0
configure:5375: result: yes
configure:5387: checking for main in -lXss
configure:5412: gcc -o conftest -g -O2   conftest.c -lXss  -lXrender -lXpm -lXmu -lXinerama -lXi -lXft -lXext -lXdmcp -lXaw -lXau -lX11 -lSM -lICE -lGL  >&5
/usr/bin/ld: cannot find -lXss
collect2: error: ld returned 1 exit status
configure:5415: $? = 1
configure: failed program was:
| #line 5394 "configure"
| /* confdefs.h.  */
| 
| #define PACKAGE_NAME ""
| #define PACKAGE_TARNAME ""
| #define PACKAGE_VERSION ""
| #define PACKAGE_STRING ""
| #define PACKAGE_BUGREPORT ""
| #define PACKAGE "cxterm"
| #define VERSION "5.2"
| #ifdef __cplusplus
| #include <stdlib.h>
| #endif
| #define HANZI 1
| #define NARROWPROTO 1
| #define HAVE_LIBGL 1
| #define HAVE_LIBICE 1
| #define HAVE_LIBSM 1
| #define HAVE_LIBX11 1
| #define HAVE_LIBXAU 1
| #define HAVE_LIBXAW 1
| #define HAVE_LIBXDMCP 1
| #define HAVE_LIBXEXT 1
| #define HAVE_LIBXFT 1
| #define HAVE_LIBXI 1
| #define HAVE_LIBXINERAMA 1
| #define HAVE_LIBXMU 1
| #define HAVE_LIBXPM 1
| #define HAVE_LIBXRENDER 1
| /* end confdefs.h.  */
| 
| 
| int
| main ()
| {
| main ();
|   ;
|   return 0;
| }
configure:5433: result: no
configure:5445: checking for main in -lXt
configure:5470: gcc -o conftest -g -O2   conftest.c -lXt  -lXrender -lXpm -lXmu -lXinerama -lXi -lXft -lXext -lXdmcp -lXaw -lXau -lX11 -lSM -lICE -lGL  >&5
configure:5473: $? = 0
configure:5476: test -s conftest
configure:5479: $? = 0
configure:5491: result: yes
configure:5503: checking for main in -lXtst
configure:5528: gcc -o conftest -g -O2   conftest.c -lXtst  -lXt -lXrender -lXpm -lXmu -lXinerama -lXi -lXft -lXext -lXdmcp -lXaw -lXau -lX11 -lSM -lICE -lGL  >&5
configure:5531: $? = 0
configure:5534: test -s conftest
configure:5537: $? = 0
configure:5549: result: yes
configure:5561: checking for main in -lXv
configure:5586: gcc -o conftest -g -O2   conftest.c -lXv  -lXtst -lXt -lXrender -lXpm -lXmu -lXinerama -lXi -lXft -lXext -lXdmcp -lXaw -lXau -lX11 -lSM -lICE -lGL  >&5
/usr/bin/ld: cannot find -lXv
collect2: error: ld returned 1 exit status
configure:5589: $? = 1
configure: failed program was:
| #line 5568 "configure"
| /* confdefs.h.  */
| 
| #define PACKAGE_NAME ""
| #define PACKAGE_TARNAME ""
| #define PACKAGE_VERSION ""
| #define PACKAGE_STRING ""
| #define PACKAGE_BUGREPORT ""
| #define PACKAGE "cxterm"
| #define VERSION "5.2"
| #ifdef __cplusplus
| #include <stdlib.h>
| #endif
| #define HANZI 1
| #define NARROWPROTO 1
| #define HAVE_LIBGL 1
| #define HAVE_LIBICE 1
| #define HAVE_LIBSM 1
| #define HAVE_LIBX11 1
| #define HAVE_LIBXAU 1
| #define HAVE_LIBXAW 1
| #define HAVE_LIBXDMCP 1
| #define HAVE_LIBXEXT 1
| #define HAVE_LIBXFT 1
| #define HAVE_LIBXI 1
| #define HAVE_LIBXINERAMA 1
| #define HAVE_LIBXMU 1
| #define HAVE_LIBXPM 1
| #define HAVE_LIBXRENDER 1
| #define HAVE_LIBXT 1
| #define HAVE_LIBXTST 1
| /* end confdefs.h.  */
| 
| 
| int
| main ()
| {
| main ();
|   ;
|   return 0;
| }
configure:5607: result: no
configure:5619: checking for main in -lXxf86dga
configure:5644: gcc -o conftest -g -O2   conftest.c -lXxf86dga  -lXtst -lXt -lXrender -lXpm -lXmu -lXinerama -lXi -lXft -lXext -lXdmcp -lXaw -lXau -lX11 -lSM -lICE -lGL  >&5
/usr/bin/ld: cannot find -lXxf86dga
collect2: error: ld returned 1 exit status
configure:5647: $? = 1
configure: failed program was:
| #line 5626 "configure"
| /* confdefs.h.  */
| 
| #define PACKAGE_NAME ""
| #define PACKAGE_TARNAME ""
| #define PACKAGE_VERSION ""
| #define PACKAGE_STRING ""
| #define PACKAGE_BUGREPORT ""
| #define PACKAGE "cxterm"
| #define VERSION "5.2"
| #ifdef __cplusplus
| #include <stdlib.h>
| #endif
| #define HANZI 1
| #define NARROWPROTO 1
| #define HAVE_LIBGL 1
| #define HAVE_LIBICE 1
| #define HAVE_LIBSM 1
| #define HAVE_LIBX11 1
| #define HAVE_LIBXAU 1
| #define HAVE_LIBXAW 1
| #define HAVE_LIBXDMCP 1
| #define HAVE_LIBXEXT 1
| #define HAVE_LIBXFT 1
| #define HAVE_LIBXI 1
| #define HAVE_LIBXINERAMA 1
| #define HAVE_LIBXMU 1
| #define HAVE_LIBXPM 1
| #define HAVE_LIBXRENDER 1
| #define HAVE_LIBXT 1
| #define HAVE_LIBXTST 1
| /* end confdefs.h.  */
| 
| 
| int
| main ()
| {
| main ();
|   ;
|   return 0;
| }
configure:5665: result: no
configure:5677: checking for main in -lXxf86misc
configure:5702: gcc -o conftest -g -O2   conftest.c -lXxf86misc  -lXtst -lXt -lXrender -lXpm -lXmu -lXinerama -lXi -lXft -lXext -lXdmcp -lXaw -lXau -lX11 -lSM -lICE -lGL  >&5
/usr/bin/ld: cannot find -lXxf86misc
collect2: error: ld returned 1 exit status
configure:5705: $? = 1
configure: failed program was:
| #line 5684 "configure"
| /* confdefs.h.  */
| 
| #define PACKAGE_NAME ""
| #define PACKAGE_TARNAME ""
| #define PACKAGE_VERSION ""
| #define PACKAGE_STRING ""
| #define PACKAGE_BUGREPORT ""
| #define PACKAGE "cxterm"
| #define VERSION "5.2"
| #ifdef __cplusplus
| #include <stdlib.h>
| #endif
| #define HANZI 1
| #define NARROWPROTO 1
| #define HAVE_LIBGL 1
| #define HAVE_LIBICE 1
| #define HAVE_LIBSM 1
| #define HAVE_LIBX11 1
| #define HAVE_LIBXAU 1
| #define HAVE_LIBXAW 1
| #define HAVE_LIBXDMCP 1
| #define HAVE_LIBXEXT 1
| #define HAVE_LIBXFT 1
| #define HAVE_LIBXI 1
| #define HAVE_LIBXINERAMA 1
| #define HAVE_LIBXMU 1
| #define HAVE_LIBXPM 1
| #define HAVE_LIBXRENDER 1
| #define HAVE_LIBXT 1
| #define HAVE_LIBXTST 1
| /* end confdefs.h.  */
| 
| 
| int
| main ()
| {
| main ();
|   ;
|   return 0;
| }
configure:5723: result: no
configure:5735: checking for main in -lXxf86rush
configure:5760: gcc -o conftest -g -O2   conftest.c -lXxf86rush  -lXtst -lXt -lXrender -lXpm -lXmu -lXinerama -lXi -lXft -lXext -lXdmcp -lXaw -lXau -lX11 -lSM -lICE -lGL  >&5
/usr/bin/ld: cannot find -lXxf86rush
collect2: error: ld returned 1 exit status
configure:5763: $? = 1
configure: failed program was:
| #line 5742 "configure"
| /* confdefs.h.  */
| 
| #define PACKAGE_NAME ""
| #define PACKAGE_TARNAME ""
| #define PACKAGE_VERSION ""
| #define PACKAGE_STRING ""
| #define PACKAGE_BUGREPORT ""
| #define PACKAGE "cxterm"
| #define VERSION "5.2"
| #ifdef __cplusplus
| #include <stdlib.h>
| #endif
| #define HANZI 1
| #define NARROWPROTO 1
| #define HAVE_LIBGL 1
| #define HAVE_LIBICE 1
| #define HAVE_LIBSM 1
| #define HAVE_LIBX11 1
| #define HAVE_LIBXAU 1
| #define HAVE_LIBXAW 1
| #define HAVE_LIBXDMCP 1
| #define HAVE_LIBXEXT 1
| #define HAVE_LIBXFT 1
| #define HAVE_LIBXI 1
| #define HAVE_LIBXINERAMA 1
| #define HAVE_LIBXMU 1
| #define HAVE_LIBXPM 1
| #define HAVE_LIBXRENDER 1
| #define HAVE_LIBXT 1
| #define HAVE_LIBXTST 1
| /* end confdefs.h.  */
| 
| 
| int
| main ()
| {
| main ();
|   ;
|   return 0;
| }
configure:5781: result: no
configure:5793: checking for main in -lXxf86vm
configure:5818: gcc -o conftest -g -O2   conftest.c -lXxf86vm  -lXtst -lXt -lXrender -lXpm -lXmu -lXinerama -lXi -lXft -lXext -lXdmcp -lXaw -lXau -lX11 -lSM -lICE -lGL  >&5
configure:5821: $? = 0
configure:5824: test -s conftest
configure:5827: $? = 0
configure:5839: result: yes
configure:5851: checking for main in -ldps
configure:5876: gcc -o conftest -g -O2   conftest.c -ldps  -lXxf86vm -lXtst -lXt -lXrender -lXpm -lXmu -lXinerama -lXi -lXft -lXext -lXdmcp -lXaw -lXau -lX11 -lSM -lICE -lGL  >&5
/usr/bin/ld: cannot find -ldps
collect2: error: ld returned 1 exit status
configure:5879: $? = 1
configure: failed program was:
| #line 5858 "configure"
| /* confdefs.h.  */
| 
| #define PACKAGE_NAME ""
| #define PACKAGE_TARNAME ""
| #define PACKAGE_VERSION ""
| #define PACKAGE_STRING ""
| #define PACKAGE_BUGREPORT ""
| #define PACKAGE "cxterm"
| #define VERSION "5.2"
| #ifdef __cplusplus
| #include <stdlib.h>
| #endif
| #define HANZI 1
| #define NARROWPROTO 1
| #define HAVE_LIBGL 1
| #define HAVE_LIBICE 1
| #define HAVE_LIBSM 1
| #define HAVE_LIBX11 1
| #define HAVE_LIBXAU 1
| #define HAVE_LIBXAW 1
| #define HAVE_LIBXDMCP 1
| #define HAVE_LIBXEXT 1
| #define HAVE_LIBXFT 1
| #define HAVE_LIBXI 1
| #define HAVE_LIBXINERAMA 1
| #define HAVE_LIBXMU 1
| #define HAVE_LIBXPM 1
| #define HAVE_LIBXRENDER 1
| #define HAVE_LIBXT 1
| #define HAVE_LIBXTST 1
| #define HAVE_LIBXXF86VM 1
| /* end confdefs.h.  */
| 
| 
| int
| main ()
| {
| main ();
|   ;
|   return 0;
| }
configure:5897: result: no
configure:5909: checking for main in -ldpstk
configure:5934: gcc -o conftest -g -O2   conftest.c -ldpstk  -lXxf86vm -lXtst -lXt -lXrender -lXpm -lXmu -lXinerama -lXi -lXft -lXext -lXdmcp -lXaw -lXau -lX11 -lSM -lICE -lGL  >&5
/usr/bin/ld: cannot find -ldpstk
collect2: error: ld returned 1 exit status
configure:5937: $? = 1
configure: failed program was:
| #line 5916 "configure"
| /* confdefs.h.  */
| 
| #define PACKAGE_NAME ""
| #define PACKAGE_TARNAME ""
| #define PACKAGE_VERSION ""
| #define PACKAGE_STRING ""
| #define PACKAGE_BUGREPORT ""
| #define PACKAGE "cxterm"
| #define VERSION "5.2"
| #ifdef __cplusplus
| #include <stdlib.h>
| #endif
| #define HANZI 1
| #define NARROWPROTO 1
| #define HAVE_LIBGL 1
| #define HAVE_LIBICE 1
| #define HAVE_LIBSM 1
| #define HAVE_LIBX11 1
| #define HAVE_LIBXAU 1
| #define HAVE_LIBXAW 1
| #define HAVE_LIBXDMCP 1
| #define HAVE_LIBXEXT 1
| #define HAVE_LIBXFT 1
| #define HAVE_LIBXI 1
| #define HAVE_LIBXINERAMA 1
| #define HAVE_LIBXMU 1
| #define HAVE_LIBXPM 1
| #define HAVE_LIBXRENDER 1
| #define HAVE_LIBXT 1
| #define HAVE_LIBXTST 1
| #define HAVE_LIBXXF86VM 1
| /* end confdefs.h.  */
| 
| 
| int
| main ()
| {
| main ();
|   ;
|   return 0;
| }
configure:5955: result: no
configure:5967: checking for main in -lfl
configure:5992: gcc -o conftest -g -O2   conftest.c -lfl  -lXxf86vm -lXtst -lXt -lXrender -lXpm -lXmu -lXinerama -lXi -lXft -lXext -lXdmcp -lXaw -lXau -lX11 -lSM -lICE -lGL  >&5
/usr/bin/ld: cannot find -lfl
collect2: error: ld returned 1 exit status
configure:5995: $? = 1
configure: failed program was:
| #line 5974 "configure"
| /* confdefs.h.  */
| 
| #define PACKAGE_NAME ""
| #define PACKAGE_TARNAME ""
| #define PACKAGE_VERSION ""
| #define PACKAGE_STRING ""
| #define PACKAGE_BUGREPORT ""
| #define PACKAGE "cxterm"
| #define VERSION "5.2"
| #ifdef __cplusplus
| #include <stdlib.h>
| #endif
| #define HANZI 1
| #define NARROWPROTO 1
| #define HAVE_LIBGL 1
| #define HAVE_LIBICE 1
| #define HAVE_LIBSM 1
| #define HAVE_LIBX11 1
| #define HAVE_LIBXAU 1
| #define HAVE_LIBXAW 1
| #define HAVE_LIBXDMCP 1
| #define HAVE_LIBXEXT 1
| #define HAVE_LIBXFT 1
| #define HAVE_LIBXI 1
| #define HAVE_LIBXINERAMA 1
| #define HAVE_LIBXMU 1
| #define HAVE_LIBXPM 1
| #define HAVE_LIBXRENDER 1
| #define HAVE_LIBXT 1
| #define HAVE_LIBXTST 1
| #define HAVE_LIBXXF86VM 1
| /* end confdefs.h.  */
| 
| 
| int
| main ()
| {
| main ();
|   ;
|   return 0;
| }
configure:6013: result: no
configure:6025: checking for main in -lfntstubs
configure:6050: gcc -o conftest -g -O2   conftest.c -lfntstubs  -lXxf86vm -lXtst -lXt -lXrender -lXpm -lXmu -lXinerama -lXi -lXft -lXext -lXdmcp -lXaw -lXau -lX11 -lSM -lICE -lGL  >&5
/usr/bin/ld: cannot find -lfntstubs
collect2: error: ld returned 1 exit status
configure:6053: $? = 1
configure: failed program was:
| #line 6032 "configure"
| /* confdefs.h.  */
| 
| #define PACKAGE_NAME ""
| #define PACKAGE_TARNAME ""
| #define PACKAGE_VERSION ""
| #define PACKAGE_STRING ""
| #define PACKAGE_BUGREPORT ""
| #define PACKAGE "cxterm"
| #define VERSION "5.2"
| #ifdef __cplusplus
| #include <stdlib.h>
| #endif
| #define HANZI 1
| #define NARROWPROTO 1
| #define HAVE_LIBGL 1
| #define HAVE_LIBICE 1
| #define HAVE_LIBSM 1
| #define HAVE_LIBX11 1
| #define HAVE_LIBXAU 1
| #define HAVE_LIBXAW 1
| #define HAVE_LIBXDMCP 1
| #define HAVE_LIBXEXT 1
| #define HAVE_LIBXFT 1
| #define HAVE_LIBXI 1
| #define HAVE_LIBXINERAMA 1
| #define HAVE_LIBXMU 1
| #define HAVE_LIBXPM 1
| #define HAVE_LIBXRENDER 1
| #define HAVE_LIBXT 1
| #define HAVE_LIBXTST 1
| #define HAVE_LIBXXF86VM 1
| /* end confdefs.h.  */
| 
| 
| int
| main ()
| {
| main ();
|   ;
|   return 0;
| }
configure:6071: result: no
configure:6083: checking for main in -lfreetype
configure:6108: gcc -o conftest -g -O2   conftest.c -lfreetype  -lXxf86vm -lXtst -lXt -lXrender -lXpm -lXmu -lXinerama -lXi -lXft -lXext -lXdmcp -lXaw -lXau -lX11 -lSM -lICE -lGL  >&5
configure:6111: $? = 0
configure:6114: test -s conftest
configure:6117: $? = 0
configure:6129: result: yes
configure:6141: checking for main in -lncurses
configure:6166: gcc -o conftest -g -O2   conftest.c -lncurses  -lfreetype -lXxf86vm -lXtst -lXt -lXrender -lXpm -lXmu -lXinerama -lXi -lXft -lXext -lXdmcp -lXaw -lXau -lX11 -lSM -lICE -lGL  >&5
configure:6169: $? = 0
configure:6172: test -s conftest
configure:6175: $? = 0
configure:6187: result: yes
configure:6199: checking for main in -loldX
configure:6224: gcc -o conftest -g -O2   conftest.c -loldX  -lncurses -lfreetype -lXxf86vm -lXtst -lXt -lXrender -lXpm -lXmu -lXinerama -lXi -lXft -lXext -lXdmcp -lXaw -lXau -lX11 -lSM -lICE -lGL  >&5
/usr/bin/ld: cannot find -loldX
collect2: error: ld returned 1 exit status
configure:6227: $? = 1
configure: failed program was:
| #line 6206 "configure"
| /* confdefs.h.  */
| 
| #define PACKAGE_NAME ""
| #define PACKAGE_TARNAME ""
| #define PACKAGE_VERSION ""
| #define PACKAGE_STRING ""
| #define PACKAGE_BUGREPORT ""
| #define PACKAGE "cxterm"
| #define VERSION "5.2"
| #ifdef __cplusplus
| #include <stdlib.h>
| #endif
| #define HANZI 1
| #define NARROWPROTO 1
| #define HAVE_LIBGL 1
| #define HAVE_LIBICE 1
| #define HAVE_LIBSM 1
| #define HAVE_LIBX11 1
| #define HAVE_LIBXAU 1
| #define HAVE_LIBXAW 1
| #define HAVE_LIBXDMCP 1
| #define HAVE_LIBXEXT 1
| #define HAVE_LIBXFT 1
| #define HAVE_LIBXI 1
| #define HAVE_LIBXINERAMA 1
| #define HAVE_LIBXMU 1
| #define HAVE_LIBXPM 1
| #define HAVE_LIBXRENDER 1
| #define HAVE_LIBXT 1
| #define HAVE_LIBXTST 1
| #define HAVE_LIBXXF86VM 1
| #define HAVE_LIBFREETYPE 1
| #define HAVE_LIBNCURSES 1
| /* end confdefs.h.  */
| 
| 
| int
| main ()
| {
| main ();
|   ;
|   return 0;
| }
configure:6245: result: no
configure:6257: checking for main in -lphigs
configure:6282: gcc -o conftest -g -O2   conftest.c -lphigs  -lncurses -lfreetype -lXxf86vm -lXtst -lXt -lXrender -lXpm -lXmu -lXinerama -lXi -lXft -lXext -lXdmcp -lXaw -lXau -lX11 -lSM -lICE -lGL  >&5
/usr/bin/ld: cannot find -lphigs
collect2: error: ld returned 1 exit status
configure:6285: $? = 1
configure: failed program was:
| #line 6264 "configure"
| /* confdefs.h.  */
| 
| #define PACKAGE_NAME ""
| #define PACKAGE_TARNAME ""
| #define PACKAGE_VERSION ""
| #define PACKAGE_STRING ""
| #define PACKAGE_BUGREPORT ""
| #define PACKAGE "cxterm"
| #define VERSION "5.2"
| #ifdef __cplusplus
| #include <stdlib.h>
| #endif
| #define HANZI 1
| #define NARROWPROTO 1
| #define HAVE_LIBGL 1
| #define HAVE_LIBICE 1
| #define HAVE_LIBSM 1
| #define HAVE_LIBX11 1
| #define HAVE_LIBXAU 1
| #define HAVE_LIBXAW 1
| #define HAVE_LIBXDMCP 1
| #define HAVE_LIBXEXT 1
| #define HAVE_LIBXFT 1
| #define HAVE_LIBXI 1
| #define HAVE_LIBXINERAMA 1
| #define HAVE_LIBXMU 1
| #define HAVE_LIBXPM 1
| #define HAVE_LIBXRENDER 1
| #define HAVE_LIBXT 1
| #define HAVE_LIBXTST 1
| #define HAVE_LIBXXF86VM 1
| #define HAVE_LIBFREETYPE 1
| #define HAVE_LIBNCURSES 1
| /* end confdefs.h.  */
| 
| 
| int
| main ()
| {
| main ();
|   ;
|   return 0;
| }
configure:6303: result: no
configure:6315: checking for main in -lpsres
configure:6340: gcc -o conftest -g -O2   conftest.c -lpsres  -lncurses -lfreetype -lXxf86vm -lXtst -lXt -lXrender -lXpm -lXmu -lXinerama -lXi -lXft -lXext -lXdmcp -lXaw -lXau -lX11 -lSM -lICE -lGL  >&5
/usr/bin/ld: cannot find -lpsres
collect2: error: ld returned 1 exit status
configure:6343: $? = 1
configure: failed program was:
| #line 6322 "configure"
| /* confdefs.h.  */
| 
| #define PACKAGE_NAME ""
| #define PACKAGE_TARNAME ""
| #define PACKAGE_VERSION ""
| #define PACKAGE_STRING ""
| #define PACKAGE_BUGREPORT ""
| #define PACKAGE "cxterm"
| #define VERSION "5.2"
| #ifdef __cplusplus
| #include <stdlib.h>
| #endif
| #define HANZI 1
| #define NARROWPROTO 1
| #define HAVE_LIBGL 1
| #define HAVE_LIBICE 1
| #define HAVE_LIBSM 1
| #define HAVE_LIBX11 1
| #define HAVE_LIBXAU 1
| #define HAVE_LIBXAW 1
| #define HAVE_LIBXDMCP 1
| #define HAVE_LIBXEXT 1
| #define HAVE_LIBXFT 1
| #define HAVE_LIBXI 1
| #define HAVE_LIBXINERAMA 1
| #define HAVE_LIBXMU 1
| #define HAVE_LIBXPM 1
| #define HAVE_LIBXRENDER 1
| #define HAVE_LIBXT 1
| #define HAVE_LIBXTST 1
| #define HAVE_LIBXXF86VM 1
| #define HAVE_LIBFREETYPE 1
| #define HAVE_LIBNCURSES 1
| /* end confdefs.h.  */
| 
| 
| int
| main ()
| {
| main ();
|   ;
|   return 0;
| }
configure:6361: result: no
configure:6373: checking for main in -lxkbfile
configure:6398: gcc -o conftest -g -O2   conftest.c -lxkbfile  -lncurses -lfreetype -lXxf86vm -lXtst -lXt -lXrender -lXpm -lXmu -lXinerama -lXi -lXft -lXext -lXdmcp -lXaw -lXau -lX11 -lSM -lICE -lGL  >&5
/usr/bin/ld: cannot find -lxkbfile
collect2: error: ld returned 1 exit status
configure:6401: $? = 1
configure: failed program was:
| #line 6380 "configure"
| /* confdefs.h.  */
| 
| #define PACKAGE_NAME ""
| #define PACKAGE_TARNAME ""
| #define PACKAGE_VERSION ""
| #define PACKAGE_STRING ""
| #define PACKAGE_BUGREPORT ""
| #define PACKAGE "cxterm"
| #define VERSION "5.2"
| #ifdef __cplusplus
| #include <stdlib.h>
| #endif
| #define HANZI 1
| #define NARROWPROTO 1
| #define HAVE_LIBGL 1
| #define HAVE_LIBICE 1
| #define HAVE_LIBSM 1
| #define HAVE_LIBX11 1
| #define HAVE_LIBXAU 1
| #define HAVE_LIBXAW 1
| #define HAVE_LIBXDMCP 1
| #define HAVE_LIBXEXT 1
| #define HAVE_LIBXFT 1
| #define HAVE_LIBXI 1
| #define HAVE_LIBXINERAMA 1
| #define HAVE_LIBXMU 1
| #define HAVE_LIBXPM 1
| #define HAVE_LIBXRENDER 1
| #define HAVE_LIBXT 1
| #define HAVE_LIBXTST 1
| #define HAVE_LIBXXF86VM 1
| #define HAVE_LIBFREETYPE 1
| #define HAVE_LIBNCURSES 1
| /* end confdefs.h.  */
| 
| 
| int
| main ()
| {
| main ();
|   ;
|   return 0;
| }
configure:6419: result: no
configure:6431: checking for main in -lxkbui
configure:6456: gcc -o conftest -g -O2   conftest.c -lxkbui  -lncurses -lfreetype -lXxf86vm -lXtst -lXt -lXrender -lXpm -lXmu -lXinerama -lXi -lXft -lXext -lXdmcp -lXaw -lXau -lX11 -lSM -lICE -lGL  >&5
/usr/bin/ld: cannot find -lxkbui
collect2: error: ld returned 1 exit status
configure:6459: $? = 1
configure: failed program was:
| #line 6438 "configure"
| /* confdefs.h.  */
| 
| #define PACKAGE_NAME ""
| #define PACKAGE_TARNAME ""
| #define PACKAGE_VERSION ""
| #define PACKAGE_STRING ""
| #define PACKAGE_BUGREPORT ""
| #define PACKAGE "cxterm"
| #define VERSION "5.2"
| #ifdef __cplusplus
| #include <stdlib.h>
| #endif
| #define HANZI 1
| #define NARROWPROTO 1
| #define HAVE_LIBGL 1
| #define HAVE_LIBICE 1
| #define HAVE_LIBSM 1
| #define HAVE_LIBX11 1
| #define HAVE_LIBXAU 1
| #define HAVE_LIBXAW 1
| #define HAVE_LIBXDMCP 1
| #define HAVE_LIBXEXT 1
| #define HAVE_LIBXFT 1
| #define HAVE_LIBXI 1
| #define HAVE_LIBXINERAMA 1
| #define HAVE_LIBXMU 1
| #define HAVE_LIBXPM 1
| #define HAVE_LIBXRENDER 1
| #define HAVE_LIBXT 1
| #define HAVE_LIBXTST 1
| #define HAVE_LIBXXF86VM 1
| #define HAVE_LIBFREETYPE 1
| #define HAVE_LIBNCURSES 1
| /* end confdefs.h.  */
| 
| 
| int
| main ()
| {
| main ();
|   ;
|   return 0;
| }
configure:6477: result: no
configure:6490: checking for X
configure:6596: gcc -E  conftest.c
configure:6602: $? = 0
configure:6652: gcc -o conftest -g -O2   conftest.c -lXt -lncurses -lfreetype -lXxf86vm -lXtst -lXt -lXrender -lXpm -lXmu -lXinerama -lXi -lXft -lXext -lXdmcp -lXaw -lXau -lX11 -lSM -lICE -lGL  >&5
configure:6655: $? = 0
configure:6658: test -s conftest
configure:6661: $? = 0
configure:6710: result: libraries , headers 
configure:6863: gcc -o conftest -g -O2   conftest.c -lncurses -lfreetype -lXxf86vm -lXtst -lXt -lXrender -lXpm -lXmu -lXinerama -lXi -lXft -lXext -lXdmcp -lXaw -lXau -lX11 -lSM -lICE -lGL   -lX11 >&5
configure:6866: $? = 0
configure:6869: test -s conftest
configure:6872: $? = 0
configure:7009: checking for gethostbyname
configure:7059: gcc -o conftest -g -O2   conftest.c -lncurses -lfreetype -lXxf86vm -lXtst -lXt -lXrender -lXpm -lXmu -lXinerama -lXi -lXft -lXext -lXdmcp -lXaw -lXau -lX11 -lSM -lICE -lGL  >&5
configure:7062: $? = 0
configure:7065: test -s conftest
configure:7068: $? = 0
configure:7079: result: yes
configure:7210: checking for connect
configure:7260: gcc -o conftest -g -O2   conftest.c -lncurses -lfreetype -lXxf86vm -lXtst -lXt -lXrender -lXpm -lXmu -lXinerama -lXi -lXft -lXext -lXdmcp -lXaw -lXau -lX11 -lSM -lICE -lGL  >&5
configure:7263: $? = 0
configure:7266: test -s conftest
configure:7269: $? = 0
configure:7280: result: yes
configure:7345: checking for remove
configure:7395: gcc -o conftest -g -O2   conftest.c -lncurses -lfreetype -lXxf86vm -lXtst -lXt -lXrender -lXpm -lXmu -lXinerama -lXi -lXft -lXext -lXdmcp -lXaw -lXau -lX11 -lSM -lICE -lGL  >&5
configure:7398: $? = 0
configure:7401: test -s conftest
configure:7404: $? = 0
configure:7415: result: yes
configure:7480: checking for shmat
configure:7530: gcc -o conftest -g -O2   conftest.c -lncurses -lfreetype -lXxf86vm -lXtst -lXt -lXrender -lXpm -lXmu -lXinerama -lXi -lXft -lXext -lXdmcp -lXaw -lXau -lX11 -lSM -lICE -lGL  >&5
configure:7533: $? = 0
configure:7536: test -s conftest
configure:7539: $? = 0
configure:7550: result: yes
configure:7624: checking for IceConnectionNumber in -lICE
configure:7655: gcc -o conftest -g -O2   conftest.c -lICE  -lncurses -lfreetype -lXxf86vm -lXtst -lXt -lXrender -lXpm -lXmu -lXinerama -lXi -lXft -lXext -lXdmcp -lXaw -lXau -lX11 -lSM -lICE -lGL  >&5
configure:7658: $? = 0
configure:7661: test -s conftest
configure:7664: $? = 0
configure:7676: result: yes
configure:7694: checking for dirent.h that defines DIR
configure:7719: gcc -c -g -O2  conftest.c >&5
configure:7722: $? = 0
configure:7725: test -s conftest.o
configure:7728: $? = 0
configure:7739: result: yes
configure:7752: checking for library containing opendir
configure:7783: gcc -o conftest -g -O2   conftest.c -lncurses -lfreetype -lXxf86vm -lXtst -lXt -lXrender -lXpm -lXmu -lXinerama -lXi -lXft -lXext -lXdmcp -lXaw -lXau -lX11 -lSM -lICE -lGL  >&5
configure:7786: $? = 0
configure:7789: test -s conftest
configure:7792: $? = 0
configure:7851: result: none required
configure:7967: checking for egrep
configure:7977: result: grep -E
configure:7982: checking for ANSI C header files
configure:8008: gcc -c -g -O2  conftest.c >&5
configure:8011: $? = 0
configure:8014: test -s conftest.o
configure:8017: $? = 0
configure:8109: gcc -o conftest -g -O2   conftest.c -lncurses -lfreetype -lXxf86vm -lXtst -lXt -lXrender -lXpm -lXmu -lXinerama -lXi -lXft -lXext -lXdmcp -lXaw -lXau -lX11 -lSM -lICE -lGL  >&5
configure: In function 'main':
configure:8129:7: warning: implicit declaration of function 'exit' [-Wimplicit-function-declaration]
 fi
       ^   
configure:8129:7: warning: incompatible implicit declaration of built-in function 'exit'
configure:8129:7: note: include '<stdlib.h>' or provide a declaration of 'exit'
configure:8130:3: warning: incompatible implicit declaration of built-in function 'exit'
 fi
   ^   
configure:8130:3: note: include '<stdlib.h>' or provide a declaration of 'exit'
configure:8112: $? = 0
configure:8114: ./conftest
configure:8117: $? = 0
configure:8132: result: yes
configure:8142: checking for sys/wait.h that is POSIX.1 compatible
configure:8174: gcc -c -g -O2  conftest.c >&5
configure:8177: $? = 0
configure:8180: test -s conftest.o
configure:8183: $? = 0
configure:8194: result: yes
configure:8218: checking for sys/types.h
configure:8235: gcc -c -g -O2  conftest.c >&5
configure:8238: $? = 0
configure:8241: test -s conftest.o
configure:8244: $? = 0
configure:8255: result: yes
configure:8218: checking for sys/stat.h
configure:8235: gcc -c -g -O2  conftest.c >&5
configure:8238: $? = 0
configure:8241: test -s conftest.o
configure:8244: $? = 0
configure:8255: result: yes
configure:8218: checking for stdlib.h
configure:8235: gcc -c -g -O2  conftest.c >&5
configure:8238: $? = 0
configure:8241: test -s conftest.o
configure:8244: $? = 0
configure:8255: result: yes
configure:8218: checking for string.h
configure:8235: gcc -c -g -O2  conftest.c >&5
configure:8238: $? = 0
configure:8241: test -s conftest.o
configure:8244: $? = 0
configure:8255: result: yes
configure:8218: checking for memory.h
configure:8235: gcc -c -g -O2  conftest.c >&5
configure:8238: $? = 0
configure:8241: test -s conftest.o
configure:8244: $? = 0
configure:8255: result: yes
configure:8218: checking for strings.h
configure:8235: gcc -c -g -O2  conftest.c >&5
configure:8238: $? = 0
configure:8241: test -s conftest.o
configure:8244: $? = 0
configure:8255: result: yes
configure:8218: checking for inttypes.h
configure:8235: gcc -c -g -O2  conftest.c >&5
configure:8238: $? = 0
configure:8241: test -s conftest.o
configure:8244: $? = 0
configure:8255: result: yes
configure:8218: checking for stdint.h
configure:8235: gcc -c -g -O2  conftest.c >&5
configure:8238: $? = 0
configure:8241: test -s conftest.o
configure:8244: $? = 0
configure:8255: result: yes
configure:8218: checking for unistd.h
configure:8235: gcc -c -g -O2  conftest.c >&5
configure:8238: $? = 0
configure:8241: test -s conftest.o
configure:8244: $? = 0
configure:8255: result: yes
configure:8283: checking sgtty.h usability
configure:8296: gcc -c -g -O2  conftest.c >&5
configure:8299: $? = 0
configure:8302: test -s conftest.o
configure:8305: $? = 0
configure:8315: result: yes
configure:8319: checking sgtty.h presence
configure:8330: gcc -E  conftest.c
configure:8336: $? = 0
configure:8355: result: yes
configure:8391: checking for sgtty.h
configure:8398: result: yes
configure:8283: checking sys/ioctl.h usability
configure:8296: gcc -c -g -O2  conftest.c >&5
configure:8299: $? = 0
configure:8302: test -s conftest.o
configure:8305: $? = 0
configure:8315: result: yes
configure:8319: checking sys/ioctl.h presence
configure:8330: gcc -E  conftest.c
configure:8336: $? = 0
configure:8355: result: yes
configure:8391: checking for sys/ioctl.h
configure:8398: result: yes
configure:8274: checking for unistd.h
configure:8279: result: yes
configure:8412: checking for pid_t
configure:8437: gcc -c -g -O2  conftest.c >&5
configure:8440: $? = 0
configure:8443: test -s conftest.o
configure:8446: $? = 0
configure:8457: result: yes
configure:8470: checking for struct stat.st_rdev
configure:8494: gcc -c -g -O2  conftest.c >&5
configure:8497: $? = 0
configure:8500: test -s conftest.o
configure:8503: $? = 0
configure:8551: result: yes
configure:8567: checking whether time.h and sys/time.h may both be included
configure:8593: gcc -c -g -O2  conftest.c >&5
configure:8596: $? = 0
configure:8599: test -s conftest.o
configure:8602: $? = 0
configure:8613: result: yes
configure:8623: checking whether struct tm is in sys/time.h or time.h
configure:8647: gcc -c -g -O2  conftest.c >&5
configure:8650: $? = 0
configure:8653: test -s conftest.o
configure:8656: $? = 0
configure:8667: result: time.h
configure:8678: checking whether getpgrp requires zero arguments
configure:8701: gcc -c -g -O2  conftest.c >&5
configure: In function 'main':
configure:8773:1: error: too many arguments to function 'getpgrp'
 rm -f conftest*
 ^~~~~~~
In file included from configure:8768:0:
/usr/include/unistd.h:637:16: note: declared here
 extern __pid_t getpgrp (void) __THROW;
                ^~~~~~~
configure:8704: $? = 1
configure: failed program was:
| #line 8684 "configure"
| /* confdefs.h.  */
| 
| #define PACKAGE_NAME ""
| #define PACKAGE_TARNAME ""
| #define PACKAGE_VERSION ""
| #define PACKAGE_STRING ""
| #define PACKAGE_BUGREPORT ""
| #define PACKAGE "cxterm"
| #define VERSION "5.2"
| #ifdef __cplusplus
| #include <stdlib.h>
| #endif
| #define HANZI 1
| #define NARROWPROTO 1
| #define HAVE_LIBGL 1
| #define HAVE_LIBICE 1
| #define HAVE_LIBSM 1
| #define HAVE_LIBX11 1
| #define HAVE_LIBXAU 1
| #define HAVE_LIBXAW 1
| #define HAVE_LIBXDMCP 1
| #define HAVE_LIBXEXT 1
| #define HAVE_LIBXFT 1
| #define HAVE_LIBXI 1
| #define HAVE_LIBXINERAMA 1
| #define HAVE_LIBXMU 1
| #define HAVE_LIBXPM 1
| #define HAVE_LIBXRENDER 1
| #define HAVE_LIBXT 1
| #define HAVE_LIBXTST 1
| #define HAVE_LIBXXF86VM 1
| #define HAVE_LIBFREETYPE 1
| #define HAVE_LIBNCURSES 1
| #define HAVE_DIRENT_H 1
| #define STDC_HEADERS 1
| #define HAVE_SYS_WAIT_H 1
| #define HAVE_SYS_TYPES_H 1
| #define HAVE_SYS_STAT_H 1
| #define HAVE_STDLIB_H 1
| #define HAVE_STRING_H 1
| #define HAVE_MEMORY_H 1
| #define HAVE_STRINGS_H 1
| #define HAVE_INTTYPES_H 1
| #define HAVE_STDINT_H 1
| #define HAVE_UNISTD_H 1
| #define HAVE_SGTTY_H 1
| #define HAVE_SYS_IOCTL_H 1
| #define HAVE_UNISTD_H 1
| #define HAVE_STRUCT_STAT_ST_RDEV 1
| #define HAVE_ST_RDEV 1
| #define TIME_WITH_SYS_TIME 1
| /* end confdefs.h.  */
| #include <stdio.h>
| #if HAVE_SYS_TYPES_H
| # include <sys/types.h>
| #endif
| #if HAVE_SYS_STAT_H
| # include <sys/stat.h>
| #endif
| #if STDC_HEADERS
| # include <stdlib.h>
| # include <stddef.h>
| #else
| # if HAVE_STDLIB_H
| #  include <stdlib.h>
| # endif
| #endif
| #if HAVE_STRING_H
| # if !STDC_HEADERS && HAVE_MEMORY_H
| #  include <memory.h>
| # endif
| # include <string.h>
| #endif
| #if HAVE_STRINGS_H
| # include <strings.h>
| #endif
| #if HAVE_INTTYPES_H
| # include <inttypes.h>
| #else
| # if HAVE_STDINT_H
| #  include <stdint.h>
| # endif
| #endif
| #if HAVE_UNISTD_H
| # include <unistd.h>
| #endif
| int
| main ()
| {
| getpgrp (0);
|   ;
|   return 0;
| }
configure:8722: result: yes
configure:8733: checking whether gcc needs -traditional
configure:8777: result: no
configure:8784: checking whether sys/types.h defines makedev
configure:8806: gcc -o conftest -g -O2   conftest.c -lncurses -lfreetype -lXxf86vm -lXtst -lXt -lXrender -lXpm -lXmu -lXinerama -lXi -lXft -lXext -lXdmcp -lXaw -lXau -lX11 -lSM -lICE -lGL  >&5
configure: In function 'main':
configure:8846:13: warning: In the GNU C Library, "makedev" is defined
 by <sys/sysmacros.h>. For historical compatibility, it is
 currently defined by <sys/types.h> as well, but we plan to
 remove this soon. To use "makedev", include <sys/sysmacros.h>
 directly. If you did not intend to use a system-defined macro
 "makedev", you should undefine it after including <sys/types.h>.
 _ACEOF
             ^                                                                                                                                                                                                                                                                                                                                                                             
configure:8809: $? = 0
configure:8812: test -s conftest
configure:8815: $? = 0
configure:8827: result: yes
configure:9112: checking whether setpgrp takes no argument
configure:9145: gcc -o conftest -g -O2   conftest.c -lncurses -lfreetype -lXxf86vm -lXtst -lXt -lXrender -lXpm -lXmu -lXinerama -lXi -lXft -lXext -lXdmcp -lXaw -lXau -lX11 -lSM -lICE -lGL  >&5
configure: In function 'main':
configure:9185:3: warning: implicit declaration of function 'exit' [-Wimplicit-function-declaration]
 _ACEOF
   ^~~~
configure:9185:3: warning: incompatible implicit declaration of built-in function 'exit'
configure:9185:3: note: include '<stdlib.h>' or provide a declaration of 'exit'
configure:9185:9: error: too many arguments to function 'setpgrp'
 _ACEOF
         ^      
In file included from configure:9176:0:
/usr/include/unistd.h:663:12: note: declared here
 extern int setpgrp (void) __THROW;
            ^~~~~~~
configure:9148: $? = 1
configure: program exited with status 1
configure: failed program was:
| #line 9122 "configure"
| /* confdefs.h.  */
| 
| #define PACKAGE_NAME ""
| #define PACKAGE_TARNAME ""
| #define PACKAGE_VERSION ""
| #define PACKAGE_STRING ""
| #define PACKAGE_BUGREPORT ""
| #define PACKAGE "cxterm"
| #define VERSION "5.2"
| #ifdef __cplusplus
| #include <stdlib.h>
| #endif
| #define HANZI 1
| #define NARROWPROTO 1
| #define HAVE_LIBGL 1
| #define HAVE_LIBICE 1
| #define HAVE_LIBSM 1
| #define HAVE_LIBX11 1
| #define HAVE_LIBXAU 1
| #define HAVE_LIBXAW 1
| #define HAVE_LIBXDMCP 1
| #define HAVE_LIBXEXT 1
| #define HAVE_LIBXFT 1
| #define HAVE_LIBXI 1
| #define HAVE_LIBXINERAMA 1
| #define HAVE_LIBXMU 1
| #define HAVE_LIBXPM 1
| #define HAVE_LIBXRENDER 1
| #define HAVE_LIBXT 1
| #define HAVE_LIBXTST 1
| #define HAVE_LIBXXF86VM 1
| #define HAVE_LIBFREETYPE 1
| #define HAVE_LIBNCURSES 1
| #define HAVE_DIRENT_H 1
| #define STDC_HEADERS 1
| #define HAVE_SYS_WAIT_H 1
| #define HAVE_SYS_TYPES_H 1
| #define HAVE_SYS_STAT_H 1
| #define HAVE_STDLIB_H 1
| #define HAVE_STRING_H 1
| #define HAVE_MEMORY_H 1
| #define HAVE_STRINGS_H 1
| #define HAVE_INTTYPES_H 1
| #define HAVE_STDINT_H 1
| #define HAVE_UNISTD_H 1
| #define HAVE_SGTTY_H 1
| #define HAVE_SYS_IOCTL_H 1
| #define HAVE_UNISTD_H 1
| #define HAVE_STRUCT_STAT_ST_RDEV 1
| #define HAVE_ST_RDEV 1
| #define TIME_WITH_SYS_TIME 1
| #define GETPGRP_VOID 1
| /* end confdefs.h.  */
| #if HAVE_UNISTD_H
| # include <unistd.h>
| #endif
| 
| int
| main ()
| {
| /* If this system has a BSD-style setpgrp which takes arguments,
|   setpgrp(1, 1) will fail with ESRCH and return -1, in that case
|   exit successfully. */
|   exit (setpgrp (1,1) == -1 ? 0 : 1);
|   ;
|   return 0;
| }
configure:9167: result: yes
configure:9177: checking return type of signal handlers
configure:9209: gcc -c -g -O2  conftest.c >&5
configure:9212: $? = 0
configure:9215: test -s conftest.o
configure:9218: $? = 0
configure:9229: result: void
configure:9237: checking for wait3 that fills in rusage
configure:9289: gcc -o conftest -g -O2   conftest.c -lncurses -lfreetype -lXxf86vm -lXtst -lXt -lXrender -lXpm -lXmu -lXinerama -lXi -lXft -lXext -lXdmcp -lXaw -lXau -lX11 -lSM -lICE -lGL  >&5
configure: In function 'main':
configure:9318:11: warning: implicit declaration of function 'fork' [-Wimplicit-function-declaration]
 
           ^   
configure:9321:7: warning: implicit declaration of function 'sleep' [-Wimplicit-function-declaration]
 
       ^    
configure:9322:7: warning: implicit declaration of function '_exit' [-Wimplicit-function-declaration]
 
       ^    
configure:9322:7: warning: incompatible implicit declaration of built-in function '_exit'
configure:9328:7: warning: implicit declaration of function 'wait3' [-Wimplicit-function-declaration]
 echo $ECHO_N "checking for $ac_func... $ECHO_C" >&6
       ^~~~~
configure:9331:7: warning: implicit declaration of function 'exit' [-Wimplicit-function-declaration]
 else
       ^   
configure:9331:7: warning: incompatible implicit declaration of built-in function 'exit'
configure:9331:7: note: include '<stdlib.h>' or provide a declaration of 'exit'
configure:9292: $? = 0
configure:9294: ./conftest
configure:9297: $? = 0
configure:9311: result: yes
configure:9327: checking for gettimeofday
configure:9377: gcc -o conftest -g -O2   conftest.c -lncurses -lfreetype -lXxf86vm -lXtst -lXt -lXrender -lXpm -lXmu -lXinerama -lXi -lXft -lXext -lXdmcp -lXaw -lXau -lX11 -lSM -lICE -lGL  >&5
configure:9380: $? = 0
configure:9383: test -s conftest
configure:9386: $? = 0
configure:9397: result: yes
configure:9327: checking for select
configure:9377: gcc -o conftest -g -O2   conftest.c -lncurses -lfreetype -lXxf86vm -lXtst -lXt -lXrender -lXpm -lXmu -lXinerama -lXi -lXft -lXext -lXdmcp -lXaw -lXau -lX11 -lSM -lICE -lGL  >&5
configure:9380: $? = 0
configure:9383: test -s conftest
configure:9386: $? = 0
configure:9397: result: yes
configure:9327: checking for strerror
configure:9377: gcc -o conftest -g -O2   conftest.c -lncurses -lfreetype -lXxf86vm -lXtst -lXt -lXrender -lXpm -lXmu -lXinerama -lXi -lXft -lXext -lXdmcp -lXaw -lXau -lX11 -lSM -lICE -lGL  >&5
configure:9380: $? = 0
configure:9383: test -s conftest
configure:9386: $? = 0
configure:9397: result: yes
configure:9527: creating ./config.status

## ---------------------- ##
## Running config.status. ##
## ---------------------- ##

This file was extended by config.status, which was
generated by GNU Autoconf 2.57.  Invocation command line was

  CONFIG_FILES    = 
  CONFIG_HEADERS  = 
  CONFIG_LINKS    = 
  CONFIG_COMMANDS = 
  $ ./config.status 

on t500

config.status:678: creating dict/ks/Makefile
config.status:678: creating dict/big5/Makefile
config.status:678: creating dict/jis/Makefile
config.status:678: creating dict/Makefile
config.status:678: creating dict/gb/Makefile
config.status:678: creating Makefile
config.status:678: creating utils/Makefile
config.status:678: creating cxterm/Makefile
config.status:678: creating fonts/Makefile
config.status:678: creating scripts/Makefile
config.status:782: creating config.h
config.status:977: config.h is unchanged
config.status:1099: executing depfiles commands

## ---------------- ##
## Cache variables. ##
## ---------------- ##

ac_cv_c_compiler_gnu=yes
ac_cv_cxx_compiler_gnu=yes
ac_cv_env_CC_set=
ac_cv_env_CC_value=
ac_cv_env_CFLAGS_set=
ac_cv_env_CFLAGS_value=
ac_cv_env_CPPFLAGS_set=
ac_cv_env_CPPFLAGS_value=
ac_cv_env_CPP_set=
ac_cv_env_CPP_value=
ac_cv_env_CXXFLAGS_set=
ac_cv_env_CXXFLAGS_value=
ac_cv_env_CXX_set=
ac_cv_env_CXX_value=
ac_cv_env_LDFLAGS_set=
ac_cv_env_LDFLAGS_value=
ac_cv_env_build_alias_set=
ac_cv_env_build_alias_value=
ac_cv_env_host_alias_set=
ac_cv_env_host_alias_value=
ac_cv_env_target_alias_set=
ac_cv_env_target_alias_value=
ac_cv_exeext=
ac_cv_func_connect=yes
ac_cv_func_gethostbyname=yes
ac_cv_func_getpgrp_void=yes
ac_cv_func_gettimeofday=yes
ac_cv_func_remove=yes
ac_cv_func_select=yes
ac_cv_func_setpgrp_void=yes
ac_cv_func_shmat=yes
ac_cv_func_strerror=yes
ac_cv_func_wait3_rusage=yes
ac_cv_have_x='have_x=yes 		ac_x_includes= ac_x_libraries='
ac_cv_header_dirent_dirent_h=yes
ac_cv_header_inttypes_h=yes
ac_cv_header_memory_h=yes
ac_cv_header_sgtty_h=yes
ac_cv_header_stdc=yes
ac_cv_header_stdint_h=yes
ac_cv_header_stdlib_h=yes
ac_cv_header_string_h=yes
ac_cv_header_strings_h=yes
ac_cv_header_sys_ioctl_h=yes
ac_cv_header_sys_stat_h=yes
ac_cv_header_sys_types_h=yes
ac_cv_header_sys_types_h_makedev=yes
ac_cv_header_sys_wait_h=yes
ac_cv_header_time=yes
ac_cv_header_unistd_h=yes
ac_cv_lib_FS_main=no
ac_cv_lib_GLU_main=no
ac_cv_lib_GL_main=yes
ac_cv_lib_GLw_main=no
ac_cv_lib_ICE_IceConnectionNumber=yes
ac_cv_lib_ICE_main=yes
ac_cv_lib_PEX5_main=no
ac_cv_lib_SM_main=yes
ac_cv_lib_X11_main=yes
ac_cv_lib_XIE_main=no
ac_cv_lib_Xa_main=no
ac_cv_lib_Xau_main=yes
ac_cv_lib_Xaw_main=yes
ac_cv_lib_Xbsd_main=no
ac_cv_lib_Xdmcp_main=yes
ac_cv_lib_Xext_main=yes
ac_cv_lib_Xfont_main=no
ac_cv_lib_Xfontcache_main=no
ac_cv_lib_Xft_main=yes
ac_cv_lib_Xi_main=yes
ac_cv_lib_Xinerama_main=yes
ac_cv_lib_Xkey_main=no
ac_cv_lib_Xmu_main=yes
ac_cv_lib_Xmuu_main=no
ac_cv_lib_Xp_main=no
ac_cv_lib_Xpm_main=yes
ac_cv_lib_Xrender_main=yes
ac_cv_lib_Xss_main=no
ac_cv_lib_Xt_main=yes
ac_cv_lib_Xtst_main=yes
ac_cv_lib_Xv_main=no
ac_cv_lib_Xxf86dga_main=no
ac_cv_lib_Xxf86misc_main=no
ac_cv_lib_Xxf86rush_main=no
ac_cv_lib_Xxf86vm_main=yes
ac_cv_lib_dps_main=no
ac_cv_lib_dpstk_main=no
ac_cv_lib_fl_main=no
ac_cv_lib_fl_yywrap=no
ac_cv_lib_fntstubs_main=no
ac_cv_lib_freetype_main=yes
ac_cv_lib_l_yywrap=no
ac_cv_lib_ncurses_main=yes
ac_cv_lib_oldX_main=no
ac_cv_lib_phigs_main=no
ac_cv_lib_psres_main=no
ac_cv_lib_xkbfile_main=no
ac_cv_lib_xkbui_main=no
ac_cv_member_struct_stat_st_rdev=yes
ac_cv_objext=o
ac_cv_path_install='/usr/bin/install -c'
ac_cv_prog_AWK=gawk
ac_cv_prog_CPP='gcc -E'
ac_cv_prog_ac_ct_CC=gcc
ac_cv_prog_ac_ct_CXX=g++
ac_cv_prog_ac_ct_RANLIB=ranlib
ac_cv_prog_cc_g=yes
ac_cv_prog_cc_stdc=
ac_cv_prog_cxx_g=yes
ac_cv_prog_egrep='grep -E'
ac_cv_prog_gcc_traditional=no
ac_cv_prog_make_make_set=yes
ac_cv_search_opendir='none required'
ac_cv_struct_tm=time.h
ac_cv_type_pid_t=yes
ac_cv_type_signal=void
am_cv_CC_dependencies_compiler_type=gcc3
am_cv_CXX_dependencies_compiler_type=gcc3

## ----------------- ##
## Output variables. ##
## ----------------- ##

ACLOCAL='${SHELL} /home/cxu1/Downloads/cxterm-5.2.4/missing --run aclocal-1.7'
AMDEPBACKSLASH='\'
AMDEP_FALSE='#'
AMDEP_TRUE=''
AMTAR='${SHELL} /home/cxu1/Downloads/cxterm-5.2.4/missing --run tar'
AUTOCONF='${SHELL} /home/cxu1/Downloads/cxterm-5.2.4/missing --run autoconf'
AUTOHEADER='${SHELL} /home/cxu1/Downloads/cxterm-5.2.4/missing --run autoheader'
AUTOMAKE='${SHELL} /home/cxu1/Downloads/cxterm-5.2.4/missing --run automake-1.7'
AWK='gawk'
CC='gcc'
CCDEPMODE='depmode=gcc3'
CFLAGS='-g -O2'
CPP='gcc -E'
CPPFLAGS=''
CXX='g++'
CXXDEPMODE='depmode=gcc3'
CXXFLAGS='-g -O2'
CYGPATH_W='echo'
DEFS='-DHAVE_CONFIG_H'
DEPDIR='.deps'
ECHO_C=''
ECHO_N='-n'
ECHO_T=''
EGREP='grep -E'
EXEEXT=''
INSTALL_DATA='${INSTALL} -m 644'
INSTALL_PROGRAM='${INSTALL}'
INSTALL_SCRIPT='${INSTALL}'
INSTALL_STRIP_PROGRAM='${SHELL} $(install_sh) -c -s'
LDFLAGS=''
LEX='${SHELL} /home/cxu1/Downloads/cxterm-5.2.4/missing --run flex'
LEXLIB=''
LEX_OUTPUT_ROOT=''
LIBOBJS=''
LIBS=' -lXaw -lXt -lXmu  -lSM -lICE -lncurses -lXext -lX11 -lXpm -lm'
LN_S='ln -s'
LTLIBOBJS=''
MAKEINFO='${SHELL} /home/cxu1/Downloads/cxterm-5.2.4/missing --run makeinfo'
OBJEXT='o'
PACKAGE='cxterm'
PACKAGE_BUGREPORT=''
PACKAGE_NAME=''
PACKAGE_STRING=''
PACKAGE_TARNAME=''
PACKAGE_VERSION=''
PATH_SEPARATOR=':'
RANLIB='ranlib'
SET_MAKE=''
SHELL='/bin/bash'
STRIP=''
VERSION='5.2'
X_CFLAGS=''
X_EXTRA_LIBS=''
X_LIBS=''
X_PRE_LIBS=' -lSM -lICE'
YACC='yacc'
ac_ct_CC='gcc'
ac_ct_CXX='g++'
ac_ct_RANLIB='ranlib'
ac_ct_STRIP=''
am__fastdepCC_FALSE='#'
am__fastdepCC_TRUE=''
am__fastdepCXX_FALSE='#'
am__fastdepCXX_TRUE=''
am__include='include'
am__leading_dot='.'
am__quote=''
bindir='${exec_prefix}/bin'
build_alias=''
datadir='${prefix}/share'
exec_prefix='${prefix}'
host_alias=''
includedir='${prefix}/include'
infodir='${prefix}/info'
install_sh='/home/cxu1/Downloads/cxterm-5.2.4/install-sh'
libdir='${exec_prefix}/lib'
libexecdir='${exec_prefix}/libexec'
localstatedir='${prefix}/var'
mandir='${prefix}/man'
oldincludedir='/usr/include'
prefix='/usr/local'
program_transform_name='s,x,x,'
sbindir='${exec_prefix}/sbin'
sharedstatedir='${prefix}/com'
sysconfdir='${prefix}/etc'
target_alias=''

## ----------- ##
## confdefs.h. ##
## ----------- ##

#define GETPGRP_VOID 1
#define HANZI 1
#define HAVE_DIRENT_H 1
#define HAVE_GETTIMEOFDAY 1
#define HAVE_INTTYPES_H 1
#define HAVE_LIBFREETYPE 1
#define HAVE_LIBGL 1
#define HAVE_LIBICE 1
#define HAVE_LIBNCURSES 1
#define HAVE_LIBSM 1
#define HAVE_LIBX11 1
#define HAVE_LIBXAU 1
#define HAVE_LIBXAW 1
#define HAVE_LIBXDMCP 1
#define HAVE_LIBXEXT 1
#define HAVE_LIBXFT 1
#define HAVE_LIBXI 1
#define HAVE_LIBXINERAMA 1
#define HAVE_LIBXMU 1
#define HAVE_LIBXPM 1
#define HAVE_LIBXRENDER 1
#define HAVE_LIBXT 1
#define HAVE_LIBXTST 1
#define HAVE_LIBXXF86VM 1
#define HAVE_MEMORY_H 1
#define HAVE_SELECT 1
#define HAVE_SGTTY_H 1
#define HAVE_STDINT_H 1
#define HAVE_STDLIB_H 1
#define HAVE_STRERROR 1
#define HAVE_STRINGS_H 1
#define HAVE_STRING_H 1
#define HAVE_STRUCT_STAT_ST_RDEV 1
#define HAVE_ST_RDEV 1
#define HAVE_SYS_IOCTL_H 1
#define HAVE_SYS_STAT_H 1
#define HAVE_SYS_TYPES_H 1
#define HAVE_SYS_WAIT_H 1
#define HAVE_UNISTD_H 1
#define HAVE_UNISTD_H 1
#define HAVE_WAIT3 1
#define NARROWPROTO 1
#define PACKAGE "cxterm"
#define PACKAGE_BUGREPORT ""
#define PACKAGE_NAME ""
#define PACKAGE_STRING ""
#define PACKAGE_TARNAME ""
#define PACKAGE_VERSION ""
#define RETSIGTYPE void
#define SETPGRP_VOID 1
#define STDC_HEADERS 1
#define TIME_WITH_SYS_TIME 1
#define VERSION "5.2"
#endif
#ifdef __cplusplus
#include <stdlib.h>

configure: exit 0
